<?xml version="1.0" encoding="UTF-8"?>
<!-- Generated by org.testng.reporters.JUnitXMLReporter -->
<testsuite ignored="0" hostname="DESKTOP-B8KML2J" failures="0" tests="4" name="LaginTest" time="59.725" errors="0" timestamp="03 Apr 2021 15:57:56 GMT">
  <testcase classname="com.qa.openmrs.tests.loginpagetest" name="validatelogotest" time="0.044"/>
  <testcase classname="com.qa.openmrs.tests.loginpagetest" name="validatetitle" time="0.016"/>
  <testcase classname="com.qa.openmrs.tests.loginpagetest" name="validatelinktest" time="0.032"/>
  <testcase classname="com.qa.openmrs.tests.loginpagetest" name="logintest" time="11.566"/>
</testsuite> <!-- LaginTest -->
