<?xml version="1.0" encoding="UTF-8"?>
<!-- Generated by org.testng.reporters.JUnitXMLReporter -->
<testsuite ignored="0" hostname="DESKTOP-B8KML2J" failures="0" tests="4" name="Default test" time="77.344" errors="0" timestamp="03 Apr 2021 15:30:37 GMT">
  <testcase classname="com.qa.openmrs.tests.loginpagetest" name="validatelogotest" time="0.059"/>
  <testcase classname="com.qa.openmrs.tests.loginpagetest" name="validatetitle" time="0.018"/>
  <testcase classname="com.qa.openmrs.tests.loginpagetest" name="validatelinktest" time="0.037"/>
  <testcase classname="com.qa.openmrs.tests.loginpagetest" name="logintest" time="7.768"/>
</testsuite> <!-- Default test -->
