<?xml version="1.0" encoding="UTF-8"?>
<!-- Generated by org.testng.reporters.JUnitXMLReporter -->
<testsuite hostname="DESKTOP-B8KML2J" ignored="0" name="Test" tests="4" failures="0" timestamp="07 Mar 2021 14:47:25 GMT" time="36.329" errors="0">
  <testcase name="validatelogotest" time="0.062" classname="com.qa.openmrs.tests.loginpagetest"/>
  <testcase name="validatetitle" time="0.015" classname="com.qa.openmrs.tests.loginpagetest"/>
  <testcase name="validatelinktest" time="0.075" classname="com.qa.openmrs.tests.loginpagetest"/>
  <testcase name="logintest" time="2.296" classname="com.qa.openmrs.tests.loginpagetest"/>
</testsuite> <!-- Test -->
