<?xml version="1.0" encoding="UTF-8"?>
<testng-results skipped="0" failed="0" ignored="0" total="4" passed="4">
  <reporter-output>
  </reporter-output>
  <suite name="openMRS_Suite" duration-ms="36329" started-at="2021-03-07T14:46:49Z" finished-at="2021-03-07T14:47:25Z">
    <groups>
    </groups>
    <test name="Test" duration-ms="36329" started-at="2021-03-07T14:46:49Z" finished-at="2021-03-07T14:47:25Z">
      <class name="com.qa.openmrs.tests.loginpagetest">
        <test-method status="PASS" signature="Setup()[pri:0, instance:com.qa.openmrs.tests.loginpagetest@5315b42e]" name="Setup" is-config="true" duration-ms="9987" started-at="2021-03-07T14:46:49Z" finished-at="2021-03-07T14:46:59Z">
          <reporter-output>
          </reporter-output>
        </test-method> <!-- Setup -->
        <test-method status="PASS" signature="validatelogotest()[pri:-2, instance:com.qa.openmrs.tests.loginpagetest@5315b42e]" name="validatelogotest" duration-ms="62" started-at="2021-03-07T14:46:59Z" finished-at="2021-03-07T14:46:59Z">
          <reporter-output>
          </reporter-output>
        </test-method> <!-- validatelogotest -->
        <test-method status="PASS" signature="TearDown()[pri:0, instance:com.qa.openmrs.tests.loginpagetest@5315b42e]" name="TearDown" is-config="true" duration-ms="902" started-at="2021-03-07T14:46:59Z" finished-at="2021-03-07T14:47:00Z">
          <reporter-output>
          </reporter-output>
        </test-method> <!-- TearDown -->
        <test-method status="PASS" signature="Setup()[pri:0, instance:com.qa.openmrs.tests.loginpagetest@5315b42e]" name="Setup" is-config="true" duration-ms="6494" started-at="2021-03-07T14:47:00Z" finished-at="2021-03-07T14:47:06Z">
          <reporter-output>
          </reporter-output>
        </test-method> <!-- Setup -->
        <test-method status="PASS" signature="validatetitle()[pri:-1, instance:com.qa.openmrs.tests.loginpagetest@5315b42e]" name="validatetitle" duration-ms="15" started-at="2021-03-07T14:47:06Z" finished-at="2021-03-07T14:47:06Z">
          <reporter-output>
          </reporter-output>
        </test-method> <!-- validatetitle -->
        <test-method status="PASS" signature="TearDown()[pri:0, instance:com.qa.openmrs.tests.loginpagetest@5315b42e]" name="TearDown" is-config="true" duration-ms="801" started-at="2021-03-07T14:47:06Z" finished-at="2021-03-07T14:47:07Z">
          <reporter-output>
          </reporter-output>
        </test-method> <!-- TearDown -->
        <test-method status="PASS" signature="Setup()[pri:0, instance:com.qa.openmrs.tests.loginpagetest@5315b42e]" name="Setup" is-config="true" duration-ms="7004" started-at="2021-03-07T14:47:07Z" finished-at="2021-03-07T14:47:14Z">
          <reporter-output>
          </reporter-output>
        </test-method> <!-- Setup -->
        <test-method status="PASS" signature="validatelinktest()[pri:0, instance:com.qa.openmrs.tests.loginpagetest@5315b42e]" name="validatelinktest" duration-ms="75" started-at="2021-03-07T14:47:14Z" finished-at="2021-03-07T14:47:14Z">
          <reporter-output>
          </reporter-output>
        </test-method> <!-- validatelinktest -->
        <test-method status="PASS" signature="TearDown()[pri:0, instance:com.qa.openmrs.tests.loginpagetest@5315b42e]" name="TearDown" is-config="true" duration-ms="842" started-at="2021-03-07T14:47:14Z" finished-at="2021-03-07T14:47:15Z">
          <reporter-output>
          </reporter-output>
        </test-method> <!-- TearDown -->
        <test-method status="PASS" signature="Setup()[pri:0, instance:com.qa.openmrs.tests.loginpagetest@5315b42e]" name="Setup" is-config="true" duration-ms="6770" started-at="2021-03-07T14:47:15Z" finished-at="2021-03-07T14:47:22Z">
          <reporter-output>
          </reporter-output>
        </test-method> <!-- Setup -->
        <test-method status="PASS" signature="logintest()[pri:3, instance:com.qa.openmrs.tests.loginpagetest@5315b42e]" name="logintest" duration-ms="2296" started-at="2021-03-07T14:47:22Z" finished-at="2021-03-07T14:47:24Z">
          <reporter-output>
          </reporter-output>
        </test-method> <!-- logintest -->
        <test-method status="PASS" signature="TearDown()[pri:0, instance:com.qa.openmrs.tests.loginpagetest@5315b42e]" name="TearDown" is-config="true" duration-ms="1059" started-at="2021-03-07T14:47:24Z" finished-at="2021-03-07T14:47:25Z">
          <reporter-output>
          </reporter-output>
        </test-method> <!-- TearDown -->
      </class> <!-- com.qa.openmrs.tests.loginpagetest -->
    </test> <!-- Test -->
  </suite> <!-- openMRS_Suite -->
</testng-results>
