<?xml version="1.0" encoding="UTF-8"?>
<testng-results ignored="0" total="4" passed="3" failed="1" skipped="0">
  <reporter-output>
  </reporter-output>
  <suite started-at="2021-03-07T14:40:58Z" name="openMRS_Suite" finished-at="2021-03-07T14:41:35Z" duration-ms="36877">
    <groups>
    </groups>
    <test started-at="2021-03-07T14:40:58Z" name="Test" finished-at="2021-03-07T14:41:35Z" duration-ms="36877">
      <class name="com.qa.openmrs.tests.loginpagetest">
        <test-method is-config="true" signature="Setup()[pri:0, instance:com.qa.openmrs.tests.loginpagetest@7c1e2a9e]" started-at="2021-03-07T14:40:58Z" name="Setup" finished-at="2021-03-07T14:41:05Z" duration-ms="6538" status="PASS">
          <reporter-output>
          </reporter-output>
        </test-method> <!-- Setup -->
        <test-method signature="validatelogotest()[pri:-2, instance:com.qa.openmrs.tests.loginpagetest@7c1e2a9e]" started-at="2021-03-07T14:41:05Z" name="validatelogotest" finished-at="2021-03-07T14:41:05Z" duration-ms="43" status="PASS">
          <reporter-output>
          </reporter-output>
        </test-method> <!-- validatelogotest -->
        <test-method is-config="true" signature="TearDown()[pri:0, instance:com.qa.openmrs.tests.loginpagetest@7c1e2a9e]" started-at="2021-03-07T14:41:05Z" name="TearDown" finished-at="2021-03-07T14:41:06Z" duration-ms="918" status="PASS">
          <reporter-output>
          </reporter-output>
        </test-method> <!-- TearDown -->
        <test-method is-config="true" signature="Setup()[pri:0, instance:com.qa.openmrs.tests.loginpagetest@7c1e2a9e]" started-at="2021-03-07T14:41:06Z" name="Setup" finished-at="2021-03-07T14:41:14Z" duration-ms="7994" status="PASS">
          <reporter-output>
          </reporter-output>
        </test-method> <!-- Setup -->
        <test-method signature="validatetitle()[pri:-1, instance:com.qa.openmrs.tests.loginpagetest@7c1e2a9e]" started-at="2021-03-07T14:41:14Z" name="validatetitle" finished-at="2021-03-07T14:41:14Z" duration-ms="14" status="FAIL">
          <exception class="java.lang.AssertionError">
            <message>
              <![CDATA[expected [Login1] but found [Login]]]>
            </message>
            <full-stacktrace>
              <![CDATA[java.lang.AssertionError: expected [Login1] but found [Login]
at org.testng.Assert.fail(Assert.java:96)
at org.testng.Assert.failNotEquals(Assert.java:776)
at org.testng.Assert.assertEqualsImpl(Assert.java:137)
at org.testng.Assert.assertEquals(Assert.java:118)
at org.testng.Assert.assertEquals(Assert.java:453)
at org.testng.Assert.assertEquals(Assert.java:463)
at com.qa.openmrs.tests.loginpagetest.validatetitle(loginpagetest.java:37)
at java.base/jdk.internal.reflect.NativeMethodAccessorImpl.invoke0(Native Method)
at java.base/jdk.internal.reflect.NativeMethodAccessorImpl.invoke(NativeMethodAccessorImpl.java:64)
at java.base/jdk.internal.reflect.DelegatingMethodAccessorImpl.invoke(DelegatingMethodAccessorImpl.java:43)
at java.base/java.lang.reflect.Method.invoke(Method.java:564)
at org.testng.internal.MethodInvocationHelper.invokeMethod(MethodInvocationHelper.java:124)
at org.testng.internal.Invoker.invokeMethod(Invoker.java:583)
at org.testng.internal.Invoker.invokeTestMethod(Invoker.java:719)
at org.testng.internal.Invoker.invokeTestMethods(Invoker.java:989)
at org.testng.internal.TestMethodWorker.invokeTestMethods(TestMethodWorker.java:125)
at org.testng.internal.TestMethodWorker.run(TestMethodWorker.java:109)
at org.testng.TestRunner.privateRun(TestRunner.java:648)
at org.testng.TestRunner.run(TestRunner.java:505)
at org.testng.SuiteRunner.runTest(SuiteRunner.java:455)
at org.testng.SuiteRunner.access$000(SuiteRunner.java:40)
at org.testng.SuiteRunner$SuiteWorker.run(SuiteRunner.java:489)
at org.testng.internal.thread.ThreadUtil$1.call(ThreadUtil.java:52)
at java.base/java.util.concurrent.FutureTask.run(FutureTask.java:264)
at java.base/java.util.concurrent.ThreadPoolExecutor.runWorker(ThreadPoolExecutor.java:1130)
at java.base/java.util.concurrent.ThreadPoolExecutor$Worker.run(ThreadPoolExecutor.java:630)
at java.base/java.lang.Thread.run(Thread.java:832)
]]>
            </full-stacktrace>
          </exception> <!-- java.lang.AssertionError -->
          <reporter-output>
          </reporter-output>
        </test-method> <!-- validatetitle -->
        <test-method is-config="true" signature="TearDown()[pri:0, instance:com.qa.openmrs.tests.loginpagetest@7c1e2a9e]" started-at="2021-03-07T14:41:14Z" name="TearDown" finished-at="2021-03-07T14:41:15Z" duration-ms="758" status="PASS">
          <reporter-output>
          </reporter-output>
        </test-method> <!-- TearDown -->
        <test-method is-config="true" signature="Setup()[pri:0, instance:com.qa.openmrs.tests.loginpagetest@7c1e2a9e]" started-at="2021-03-07T14:41:15Z" name="Setup" finished-at="2021-03-07T14:41:23Z" duration-ms="8573" status="PASS">
          <reporter-output>
          </reporter-output>
        </test-method> <!-- Setup -->
        <test-method signature="validatelinktest()[pri:0, instance:com.qa.openmrs.tests.loginpagetest@7c1e2a9e]" started-at="2021-03-07T14:41:23Z" name="validatelinktest" finished-at="2021-03-07T14:41:23Z" duration-ms="32" status="PASS">
          <reporter-output>
          </reporter-output>
        </test-method> <!-- validatelinktest -->
        <test-method is-config="true" signature="TearDown()[pri:0, instance:com.qa.openmrs.tests.loginpagetest@7c1e2a9e]" started-at="2021-03-07T14:41:23Z" name="TearDown" finished-at="2021-03-07T14:41:24Z" duration-ms="783" status="PASS">
          <reporter-output>
          </reporter-output>
        </test-method> <!-- TearDown -->
        <test-method is-config="true" signature="Setup()[pri:0, instance:com.qa.openmrs.tests.loginpagetest@7c1e2a9e]" started-at="2021-03-07T14:41:24Z" name="Setup" finished-at="2021-03-07T14:41:31Z" duration-ms="6575" status="PASS">
          <reporter-output>
          </reporter-output>
        </test-method> <!-- Setup -->
        <test-method signature="logintest()[pri:3, instance:com.qa.openmrs.tests.loginpagetest@7c1e2a9e]" started-at="2021-03-07T14:41:31Z" name="logintest" finished-at="2021-03-07T14:41:34Z" duration-ms="3522" status="PASS">
          <reporter-output>
          </reporter-output>
        </test-method> <!-- logintest -->
        <test-method is-config="true" signature="TearDown()[pri:0, instance:com.qa.openmrs.tests.loginpagetest@7c1e2a9e]" started-at="2021-03-07T14:41:34Z" name="TearDown" finished-at="2021-03-07T14:41:35Z" duration-ms="766" status="PASS">
          <reporter-output>
          </reporter-output>
        </test-method> <!-- TearDown -->
      </class> <!-- com.qa.openmrs.tests.loginpagetest -->
    </test> <!-- Test -->
  </suite> <!-- openMRS_Suite -->
</testng-results>
